Using pre-set license
Built from '2020.3/staging' branch; Version is '2020.3.14f1 (d0d1bb862f9d) revision 13685179'; Using compiler version '192528614'; Build Type 'Release'
OS: 'Windows 10 Pro; OS build 19042.1165; Version 2009; 64bit' Language: 'en' Physical Memory: 32697 MB
BatchMode: 1, IsHumanControllingUs: 0, StartBugReporterOnCrash: 0, Is64bit: 1, IsPro: 0

 COMMAND LINE ARGUMENTS:
C:\Program Files\Unity\Hub\Editor\2020.3.14f1\Editor\Unity.exe
-adb2
-batchMode
-noUpm
-name
AssetImportWorker0
-projectPath
D:/Git/system-test
-logFile
Logs/AssetImportWorker0.log
-srvPort
50973
Successfully changed project path to: D:/Git/system-test
D:/Git/system-test
Using Asset Import Pipeline V2.
Refreshing native plugins compatible for Editor in 23.32 ms, found 2 plugins.
Preloading 0 native plugins for Editor in 0.00 ms.
Initialize engine version: 2020.3.14f1 (d0d1bb862f9d)
[Subsystems] Discovering subsystems at path C:/Program Files/Unity/Hub/Editor/2020.3.14f1/Editor/Data/Resources/UnitySubsystems
[Subsystems] Discovering subsystems at path D:/Git/system-test/Assets
GfxDevice: creating device client; threaded=0
Direct3D:
    Version:  Direct3D 11.0 [level 11.1]
    Renderer: NVIDIA GeForce RTX 3060 (ID=0x2504)
    Vendor:   
    VRAM:     12143 MB
    Driver:   30.0.14.7111
Initialize mono
Mono path[0] = 'C:/Program Files/Unity/Hub/Editor/2020.3.14f1/Editor/Data/Managed'
Mono path[1] = 'C:/Program Files/Unity/Hub/Editor/2020.3.14f1/Editor/Data/MonoBleedingEdge/lib/mono/unityjit'
Mono config path = 'C:/Program Files/Unity/Hub/Editor/2020.3.14f1/Editor/Data/MonoBleedingEdge/etc'
Using monoOptions --debugger-agent=transport=dt_socket,embedding=1,server=y,suspend=n,address=127.0.0.1:56156
Begin MonoManager ReloadAssembly
Registering precompiled unity dll's ...
Register platform support module: C:/Program Files/Unity/Hub/Editor/2020.3.14f1/Editor/Data/PlaybackEngines/WebGLSupport/UnityEditor.WebGL.Extensions.dll
Register platform support module: C:/Program Files/Unity/Hub/Editor/2020.3.14f1/Editor/Data/PlaybackEngines/WindowsStandaloneSupport/UnityEditor.WindowsStandalone.Extensions.dll
Registered in 0.001428 seconds.
Native extension for WindowsStandalone target not found
Native extension for WebGL target not found
Refreshing native plugins compatible for Editor in 22.66 ms, found 2 plugins.
Preloading 0 native plugins for Editor in 0.00 ms.
Mono: successfully reloaded assembly
- Completed reload, in  1.265 seconds
Domain Reload Profiling:
	ReloadAssembly (1266ms)
		BeginReloadAssembly (40ms)
			ExecutionOrderSort (0ms)
			DisableScriptedObjects (0ms)
			BackupInstance (0ms)
			ReleaseScriptingObjects (0ms)
			CreateAndSetChildDomain (1ms)
		EndReloadAssembly (317ms)
			LoadAssemblies (39ms)
			RebuildTransferFunctionScriptingTraits (0ms)
			SetupTypeCache (118ms)
			ReleaseScriptCaches (0ms)
			RebuildScriptCaches (24ms)
			SetupLoadedEditorAssemblies (122ms)
				LogAssemblyErrors (0ms)
				InitializePlatformSupportModulesInManaged (4ms)
				SetLoadedEditorAssemblies (0ms)
				RefreshPlugins (23ms)
				BeforeProcessingInitializeOnLoad (8ms)
				ProcessInitializeOnLoadAttributes (65ms)
				ProcessInitializeOnLoadMethodAttributes (22ms)
				AfterProcessingInitializeOnLoad (0ms)
				EditorAssembliesLoaded (0ms)
			ExecutionOrderSort2 (0ms)
			AwakeInstancesAfterBackupRestoration (0ms)
Platform modules already initialized, skipping
Registering precompiled user dll's ...
Registered in 0.001954 seconds.
Begin MonoManager ReloadAssembly
Native extension for WindowsStandalone target not found
Native extension for WebGL target not found
Refreshing native plugins compatible for Editor in 0.28 ms, found 2 plugins.
Preloading 0 native plugins for Editor in 0.00 ms.
Mono: successfully reloaded assembly
- Completed reload, in  0.782 seconds
Domain Reload Profiling:
	ReloadAssembly (783ms)
		BeginReloadAssembly (115ms)
			ExecutionOrderSort (0ms)
			DisableScriptedObjects (4ms)
			BackupInstance (0ms)
			ReleaseScriptingObjects (0ms)
			CreateAndSetChildDomain (15ms)
		EndReloadAssembly (618ms)
			LoadAssemblies (62ms)
			RebuildTransferFunctionScriptingTraits (0ms)
			SetupTypeCache (206ms)
			ReleaseScriptCaches (0ms)
			RebuildScriptCaches (33ms)
			SetupLoadedEditorAssemblies (233ms)
				LogAssemblyErrors (0ms)
				InitializePlatformSupportModulesInManaged (5ms)
				SetLoadedEditorAssemblies (0ms)
				RefreshPlugins (0ms)
				BeforeProcessingInitializeOnLoad (74ms)
				ProcessInitializeOnLoadAttributes (147ms)
				ProcessInitializeOnLoadMethodAttributes (3ms)
				AfterProcessingInitializeOnLoad (4ms)
				EditorAssembliesLoaded (0ms)
			ExecutionOrderSort2 (0ms)
			AwakeInstancesAfterBackupRestoration (5ms)
Platform modules already initialized, skipping
========================================================================
Worker process is ready to serve import requests
Launched and connected shader compiler UnityShaderCompiler.exe after 0.03 seconds
Refreshing native plugins compatible for Editor in 0.31 ms, found 2 plugins.
Preloading 0 native plugins for Editor in 0.00 ms.
Unloading 1390 Unused Serialized files (Serialized files now loaded: 0)
System memory in use before: 64.7 MB.
System memory in use after: 64.8 MB.

Unloading 19 unused Assets to reduce memory usage. Loaded Objects now: 1823.
Total: 1.596500 ms (FindLiveObjects: 0.153800 ms CreateObjectMapping: 0.028900 ms MarkObjects: 1.345800 ms  DeleteObjects: 0.067000 ms)

AssetImportParameters requested are different than current active one (requested -> active):
  custom:framework-win-MediaFoundation: 216162199b28c13a410421893ffa2e32 -> 
  custom:video-decoder-ogg-theora: a1e56fd34408186e4bbccfd4996cb3dc -> 
  custom:container-muxer-webm: aa71ff27fc2769a1b78a27578f13a17b -> 
  custom:container-demuxer-webm: 4f35f7cbe854078d1ac9338744f61a02 -> 
  custom:container-demuxer-ogg: 62fdf1f143b41e24485cea50d1cbac27 -> 
  custom:video-encoder-webm-vp8: eb34c28f22e8b96e1ab97ce403110664 -> 
  custom:video-decoder-webm-vp8: 9c59270c3fd7afecdb556c50c9e8de78 -> 
  custom:audio-decoder-ogg-vorbis: bf7c407c2cedff20999df2af8eb42d56 -> 
  custom:audio-encoder-webm-vorbis: bf7c407c2cedff20999df2af8eb42d56 -> 
========================================================================
Received Import Request.
  path: Assets
  artifactKey: Guid(00000000000000001000000000000000) Importer(815301076,1909f56bfc062723c751e8b465ee728b)
Start importing Assets using Guid(00000000000000001000000000000000) Importer(815301076,1909f56bfc062723c751e8b465ee728b)  -> (artifact id: '42d402b061de3733987d63b9cc3b64de') in 0.007040 seconds 
  Import took 0.009971 seconds .

========================================================================
Received Import Request.
  Time since last request: 2.684502 seconds.
  path: Assets/Scenes
  artifactKey: Guid(dcfb3022e4609c346859c3821927bc98) Importer(815301076,1909f56bfc062723c751e8b465ee728b)
Start importing Assets/Scenes using Guid(dcfb3022e4609c346859c3821927bc98) Importer(815301076,1909f56bfc062723c751e8b465ee728b)  -> (artifact id: '1a925dfccc2ffacb95ac762d28ad1813') in 0.005284 seconds 
  Import took 0.007448 seconds .

========================================================================
Received Import Request.
  Time since last request: 169.362413 seconds.
  path: Assets/PNG
  artifactKey: Guid(3acce1d0717ff7d449aa63c56fbab0e1) Importer(815301076,1909f56bfc062723c751e8b465ee728b)
Start importing Assets/PNG using Guid(3acce1d0717ff7d449aa63c56fbab0e1) Importer(815301076,1909f56bfc062723c751e8b465ee728b)  -> (artifact id: '781fbd58c352b2ca82eff6bf4b7e5228') in 0.004822 seconds 
  Import took 0.006785 seconds .

========================================================================
Received Import Request.
  Time since last request: 53.282341 seconds.
  path: Assets/Lit.mat
  artifactKey: Guid(54ac02f6813207d42b4f64f26d46bc81) Importer(815301076,1909f56bfc062723c751e8b465ee728b)
Start importing Assets/Lit.mat using Guid(54ac02f6813207d42b4f64f26d46bc81) Importer(815301076,1909f56bfc062723c751e8b465ee728b)  -> (artifact id: '714a36d5ff41e996c4e558a4fcf0ac7a') in 0.084511 seconds 
  Import took 0.086577 seconds .

========================================================================
Received Import Request.
  Time since last request: 33.319660 seconds.
  path: Assets/Unlit.mat
  artifactKey: Guid(dd4f6d67fb95abb48b3d4faf4ea945bd) Importer(815301076,1909f56bfc062723c751e8b465ee728b)
Start importing Assets/Unlit.mat using Guid(dd4f6d67fb95abb48b3d4faf4ea945bd) Importer(815301076,1909f56bfc062723c751e8b465ee728b)  -> (artifact id: 'b61ebaf2b833714d8bc914c9dbb1cfc9') in 0.010916 seconds 
  Import took 0.012932 seconds .

========================================================================
Received Import Request.
  Time since last request: 17.091829 seconds.
  path: Assets/PNG/Dark/texture_01.png
  artifactKey: Guid(1c3fa01ae1433384f9bf84313a8c331b) Importer(815301076,1909f56bfc062723c751e8b465ee728b)
Start importing Assets/PNG/Dark/texture_01.png using Guid(1c3fa01ae1433384f9bf84313a8c331b) Importer(815301076,1909f56bfc062723c751e8b465ee728b)  -> (artifact id: 'f3727cd3ecbd84ae14e14e96cf947d4c') in 0.035664 seconds 
  Import took 0.037810 seconds .

========================================================================
Received Import Request.
  Time since last request: 0.000139 seconds.
  path: Assets/PNG/Purple/texture_02.png
  artifactKey: Guid(b19adaccdf448f74f9896e060861a1e9) Importer(815301076,1909f56bfc062723c751e8b465ee728b)
Start importing Assets/PNG/Purple/texture_02.png using Guid(b19adaccdf448f74f9896e060861a1e9) Importer(815301076,1909f56bfc062723c751e8b465ee728b)  -> (artifact id: '81d37558312fffc4fd8b65cb6e95178e') in 0.008756 seconds 
  Import took 0.010533 seconds .

========================================================================
Received Import Request.
  Time since last request: 0.000132 seconds.
  path: Assets/PNG/Dark/texture_02.png
  artifactKey: Guid(7eff39df7a47a1b4097bea7787f662c3) Importer(815301076,1909f56bfc062723c751e8b465ee728b)
Start importing Assets/PNG/Dark/texture_02.png using Guid(7eff39df7a47a1b4097bea7787f662c3) Importer(815301076,1909f56bfc062723c751e8b465ee728b)  -> (artifact id: 'edd659363415cf938e35865ce4ec2901') in 0.009401 seconds 
  Import took 0.011692 seconds .

========================================================================
Received Import Request.
  Time since last request: 0.000135 seconds.
  path: Assets/PNG/Dark/texture_01.png
  artifactKey: Guid(1c3fa01ae1433384f9bf84313a8c331b) Importer(815301076,1909f56bfc062723c751e8b465ee728b)
Start importing Assets/PNG/Dark/texture_01.png using Guid(1c3fa01ae1433384f9bf84313a8c331b) Importer(815301076,1909f56bfc062723c751e8b465ee728b)  -> (artifact id: 'f3727cd3ecbd84ae14e14e96cf947d4c') in 0.003703 seconds 
  Import took 0.005383 seconds .

========================================================================
Received Import Request.
  Time since last request: 0.000131 seconds.
  path: Assets/PNG/Light/texture_01.png
  artifactKey: Guid(21d11111fa17a4c48b3547439c9ee1f5) Importer(815301076,1909f56bfc062723c751e8b465ee728b)
Start importing Assets/PNG/Light/texture_01.png using Guid(21d11111fa17a4c48b3547439c9ee1f5) Importer(815301076,1909f56bfc062723c751e8b465ee728b)  -> (artifact id: '9576f4adf92185d04324034b68850dd9') in 0.009115 seconds 
  Import took 0.010968 seconds .

========================================================================
Received Import Request.
  Time since last request: 0.000140 seconds.
  path: Assets/PNG/Orange/texture_01.png
  artifactKey: Guid(5966f056e55c5a247bc4eb25a147e9f4) Importer(815301076,1909f56bfc062723c751e8b465ee728b)
Start importing Assets/PNG/Orange/texture_01.png using Guid(5966f056e55c5a247bc4eb25a147e9f4) Importer(815301076,1909f56bfc062723c751e8b465ee728b)  -> (artifact id: 'd4ecd235453b436197a131c0ad83a5e7') in 0.009245 seconds 
  Import took 0.010995 seconds .

========================================================================
Received Import Request.
  Time since last request: 0.000127 seconds.
  path: Assets/PNG/Purple/texture_01.png
  artifactKey: Guid(f19fe53ddf8dadb43a6bf496410d79ea) Importer(815301076,1909f56bfc062723c751e8b465ee728b)
Start importing Assets/PNG/Purple/texture_01.png using Guid(f19fe53ddf8dadb43a6bf496410d79ea) Importer(815301076,1909f56bfc062723c751e8b465ee728b)  -> (artifact id: '730607647d647711e5a9420ee4ddc702') in 0.008496 seconds 
  Import took 0.010243 seconds .

========================================================================
Received Import Request.
  Time since last request: 0.000134 seconds.
  path: Assets/PNG/Green/texture_01.png
  artifactKey: Guid(8c1a8e913fe32674c8dd9f74e113672d) Importer(815301076,1909f56bfc062723c751e8b465ee728b)
Start importing Assets/PNG/Green/texture_01.png using Guid(8c1a8e913fe32674c8dd9f74e113672d) Importer(815301076,1909f56bfc062723c751e8b465ee728b)  -> (artifact id: 'd9f8ea1b62355cd03a5400d5fd1db497') in 0.009209 seconds 
  Import took 0.011306 seconds .

========================================================================
Received Import Request.
  Time since last request: 0.000126 seconds.
  path: Assets/PNG/Red/texture_01.png
  artifactKey: Guid(8914f7d3d6722fa4586c387a9c5c1fb4) Importer(815301076,1909f56bfc062723c751e8b465ee728b)
Start importing Assets/PNG/Red/texture_01.png using Guid(8914f7d3d6722fa4586c387a9c5c1fb4) Importer(815301076,1909f56bfc062723c751e8b465ee728b)  -> (artifact id: 'b6525c1df67506d3f2676276365bd85b') in 0.008417 seconds 
  Import took 0.010196 seconds .

========================================================================
Received Import Request.
  Time since last request: 0.006184 seconds.
  path: Assets/PNG/Red/texture_01.png
  artifactKey: Guid(8914f7d3d6722fa4586c387a9c5c1fb4) Importer(815301076,1909f56bfc062723c751e8b465ee728b)
Start importing Assets/PNG/Red/texture_01.png using Guid(8914f7d3d6722fa4586c387a9c5c1fb4) Importer(815301076,1909f56bfc062723c751e8b465ee728b)  -> (artifact id: 'b6525c1df67506d3f2676276365bd85b') in 0.003696 seconds 
  Import took 0.005686 seconds .

========================================================================
Received Import Request.
  Time since last request: 2.174643 seconds.
  path: Assets/PNG/Red/texture_02.png
  artifactKey: Guid(291852e49b160ef448b44872955bdfb2) Importer(815301076,1909f56bfc062723c751e8b465ee728b)
Start importing Assets/PNG/Red/texture_02.png using Guid(291852e49b160ef448b44872955bdfb2) Importer(815301076,1909f56bfc062723c751e8b465ee728b)  -> (artifact id: 'e7f49c061c9547be00c5f4ac549c27c8') in 0.006469 seconds 
  Import took 0.009481 seconds .

========================================================================
Received Import Request.
  Time since last request: 0.000155 seconds.
  path: Assets/PNG/Orange/texture_02.png
  artifactKey: Guid(03fabc44e991fa049aa73c4f72873e3c) Importer(815301076,1909f56bfc062723c751e8b465ee728b)
Start importing Assets/PNG/Orange/texture_02.png using Guid(03fabc44e991fa049aa73c4f72873e3c) Importer(815301076,1909f56bfc062723c751e8b465ee728b)  -> (artifact id: '2384c8567d83c0d594af9ee9eb1a7d7f') in 0.005700 seconds 
  Import took 0.007604 seconds .

========================================================================
Received Import Request.
  Time since last request: 0.038892 seconds.
  path: Assets/PNG/Light/texture_02.png
  artifactKey: Guid(1cf7c32cdcdb5f44a80b03a34f70abd2) Importer(815301076,1909f56bfc062723c751e8b465ee728b)
Start importing Assets/PNG/Light/texture_02.png using Guid(1cf7c32cdcdb5f44a80b03a34f70abd2) Importer(815301076,1909f56bfc062723c751e8b465ee728b)  -> (artifact id: '73ab8ee3783d0877fab31cd70fa3ca1d') in 0.007445 seconds 
  Import took 0.009507 seconds .

========================================================================
Received Import Request.
  Time since last request: 0.000138 seconds.
  path: Assets/PNG/Green/texture_02.png
  artifactKey: Guid(04688884c580a354bb4f530b7061eb1e) Importer(815301076,1909f56bfc062723c751e8b465ee728b)
Start importing Assets/PNG/Green/texture_02.png using Guid(04688884c580a354bb4f530b7061eb1e) Importer(815301076,1909f56bfc062723c751e8b465ee728b)  -> (artifact id: '95c18da386d8064bc10f0b07c59201ab') in 0.005995 seconds 
  Import took 0.007943 seconds .

========================================================================
Received Import Request.
  Time since last request: 0.028341 seconds.
  path: Assets/PNG/Dark/texture_03.png
  artifactKey: Guid(80d7c4f85eb9eb84aac61615dc4fa99c) Importer(815301076,1909f56bfc062723c751e8b465ee728b)
Start importing Assets/PNG/Dark/texture_03.png using Guid(80d7c4f85eb9eb84aac61615dc4fa99c) Importer(815301076,1909f56bfc062723c751e8b465ee728b)  -> (artifact id: '60076d8224a39cd19d6ddf70b15e6100') in 0.006625 seconds 
  Import took 0.008890 seconds .

========================================================================
Received Import Request.
  Time since last request: 0.000176 seconds.
  path: Assets/PNG/Light/texture_03.png
  artifactKey: Guid(c141f18b088ea4b4f849eb746145a69f) Importer(815301076,1909f56bfc062723c751e8b465ee728b)
Start importing Assets/PNG/Light/texture_03.png using Guid(c141f18b088ea4b4f849eb746145a69f) Importer(815301076,1909f56bfc062723c751e8b465ee728b)  -> (artifact id: 'ddbbd0d81c94b43a61a53dc1458447c9') in 0.006877 seconds 
  Import took 0.008627 seconds .

========================================================================
Received Import Request.
  Time since last request: 0.325293 seconds.
  path: Assets/PNG/Green/texture_03.png
  artifactKey: Guid(9dbc04eac1b24384bae23682f0d2823d) Importer(815301076,1909f56bfc062723c751e8b465ee728b)
Start importing Assets/PNG/Green/texture_03.png using Guid(9dbc04eac1b24384bae23682f0d2823d) Importer(815301076,1909f56bfc062723c751e8b465ee728b)  -> (artifact id: 'caff8a6891e6319ee0527a5d6e1bff27') in 0.006277 seconds 
  Import took 0.008279 seconds .

========================================================================
Received Import Request.
  Time since last request: 0.000148 seconds.
  path: Assets/PNG/Orange/texture_03.png
  artifactKey: Guid(f876318ae3999a84b8afb97ec39d47a9) Importer(815301076,1909f56bfc062723c751e8b465ee728b)
Start importing Assets/PNG/Orange/texture_03.png using Guid(f876318ae3999a84b8afb97ec39d47a9) Importer(815301076,1909f56bfc062723c751e8b465ee728b)  -> (artifact id: '0ff3d9072e7f0665b39c6490678421c1') in 0.005998 seconds 
  Import took 0.007667 seconds .

========================================================================
Received Import Request.
  Time since last request: 0.027917 seconds.
  path: Assets/PNG/Red/texture_03.png
  artifactKey: Guid(c9590e89f91f1e946ac5ee1d105b0905) Importer(815301076,1909f56bfc062723c751e8b465ee728b)
Start importing Assets/PNG/Red/texture_03.png using Guid(c9590e89f91f1e946ac5ee1d105b0905) Importer(815301076,1909f56bfc062723c751e8b465ee728b)  -> (artifact id: '89ecf5db3c4b0be9ad37d5b2af6b5668') in 0.006458 seconds 
  Import took 0.009454 seconds .

========================================================================
Received Import Request.
  Time since last request: 0.000145 seconds.
  path: Assets/PNG/Purple/texture_03.png
  artifactKey: Guid(56b320883e161a4478b8e9c1bbe07930) Importer(815301076,1909f56bfc062723c751e8b465ee728b)
Start importing Assets/PNG/Purple/texture_03.png using Guid(56b320883e161a4478b8e9c1bbe07930) Importer(815301076,1909f56bfc062723c751e8b465ee728b)  -> (artifact id: '0b446b8f5ac91a0f0eece2bc6ddbfdff') in 0.006468 seconds 
  Import took 0.008406 seconds .

========================================================================
Received Import Request.
  Time since last request: 0.000126 seconds.
  path: Assets/PNG/Green/texture_04.png
  artifactKey: Guid(a8cec33ca9b589c4bbeccba07f7c7402) Importer(815301076,1909f56bfc062723c751e8b465ee728b)
Start importing Assets/PNG/Green/texture_04.png using Guid(a8cec33ca9b589c4bbeccba07f7c7402) Importer(815301076,1909f56bfc062723c751e8b465ee728b)  -> (artifact id: '74826c4bca1340884029d0bef677d354') in 0.007259 seconds 
  Import took 0.009063 seconds .

========================================================================
Received Import Request.
  Time since last request: 0.000162 seconds.
  path: Assets/PNG/Orange/texture_04.png
  artifactKey: Guid(bf190aaf8220108438d2b870ba5a03dc) Importer(815301076,1909f56bfc062723c751e8b465ee728b)
Start importing Assets/PNG/Orange/texture_04.png using Guid(bf190aaf8220108438d2b870ba5a03dc) Importer(815301076,1909f56bfc062723c751e8b465ee728b)  -> (artifact id: '8f10861a9bd0de7247e46641ddb260c4') in 0.006106 seconds 
  Import took 0.008297 seconds .

========================================================================
Received Import Request.
  Time since last request: 0.009062 seconds.
  path: Assets/PNG/Light/texture_04.png
  artifactKey: Guid(476de97b90678e44a8adac46d14b9b5b) Importer(815301076,1909f56bfc062723c751e8b465ee728b)
Start importing Assets/PNG/Light/texture_04.png using Guid(476de97b90678e44a8adac46d14b9b5b) Importer(815301076,1909f56bfc062723c751e8b465ee728b)  -> (artifact id: '50035ce4a1e4c42bf76d2c59297c1f3c') in 0.006884 seconds 
  Import took 0.009240 seconds .

========================================================================
Received Import Request.
  Time since last request: 0.000135 seconds.
  path: Assets/PNG/Purple/texture_04.png
  artifactKey: Guid(ffcac91aa0f0c7a42895e3eea95304dd) Importer(815301076,1909f56bfc062723c751e8b465ee728b)
Start importing Assets/PNG/Purple/texture_04.png using Guid(ffcac91aa0f0c7a42895e3eea95304dd) Importer(815301076,1909f56bfc062723c751e8b465ee728b)  -> (artifact id: 'da216599a5528d89cbbe16156db1ba90') in 0.007990 seconds 
  Import took 0.009763 seconds .

========================================================================
Received Import Request.
  Time since last request: 0.231932 seconds.
  path: Assets/PNG/Red/texture_04.png
  artifactKey: Guid(9d15f58ef6c15c64393eb3cde308c36c) Importer(815301076,1909f56bfc062723c751e8b465ee728b)
Start importing Assets/PNG/Red/texture_04.png using Guid(9d15f58ef6c15c64393eb3cde308c36c) Importer(815301076,1909f56bfc062723c751e8b465ee728b)  -> (artifact id: 'a6c476f1c81cb88a82b015d126ad6b92') in 0.006280 seconds 
  Import took 0.008234 seconds .

========================================================================
Received Import Request.
  Time since last request: 0.000141 seconds.
  path: Assets/PNG/Dark/texture_04.png
  artifactKey: Guid(0014d18e1d6578643856d239679a187b) Importer(815301076,1909f56bfc062723c751e8b465ee728b)
Start importing Assets/PNG/Dark/texture_04.png using Guid(0014d18e1d6578643856d239679a187b) Importer(815301076,1909f56bfc062723c751e8b465ee728b)  -> (artifact id: '4967d366c03eb3bd7b7c27f665aa60f9') in 0.006775 seconds 
  Import took 0.008554 seconds .

========================================================================
Received Import Request.
  Time since last request: 0.027436 seconds.
  path: Assets/PNG/Orange/texture_05.png
  artifactKey: Guid(c820dfb85e68acb499dc004677b1e599) Importer(815301076,1909f56bfc062723c751e8b465ee728b)
Start importing Assets/PNG/Orange/texture_05.png using Guid(c820dfb85e68acb499dc004677b1e599) Importer(815301076,1909f56bfc062723c751e8b465ee728b)  -> (artifact id: '3afc19dc5e9cff2817a3ab4e4a0637ff') in 0.007499 seconds 
  Import took 0.009667 seconds .

========================================================================
Received Import Request.
  Time since last request: 0.000135 seconds.
  path: Assets/PNG/Light/texture_05.png
  artifactKey: Guid(b3b6f31b38c716f41833e6b531b99af5) Importer(815301076,1909f56bfc062723c751e8b465ee728b)
Start importing Assets/PNG/Light/texture_05.png using Guid(b3b6f31b38c716f41833e6b531b99af5) Importer(815301076,1909f56bfc062723c751e8b465ee728b)  -> (artifact id: '5fb46920a77fdde263de94cb5c8bcb6f') in 0.005657 seconds 
  Import took 0.007355 seconds .

========================================================================
Received Import Request.
  Time since last request: 0.028653 seconds.
  path: Assets/PNG/Red/texture_05.png
  artifactKey: Guid(4e35fc5eec5e6ad448b1cfb91bd86064) Importer(815301076,1909f56bfc062723c751e8b465ee728b)
Start importing Assets/PNG/Red/texture_05.png using Guid(4e35fc5eec5e6ad448b1cfb91bd86064) Importer(815301076,1909f56bfc062723c751e8b465ee728b)  -> (artifact id: '8eb1a330d2495dfdfc0a1b459c76f712') in 0.006254 seconds 
  Import took 0.008478 seconds .

========================================================================
Received Import Request.
  Time since last request: 0.000133 seconds.
  path: Assets/PNG/Purple/texture_05.png
  artifactKey: Guid(0a8aaa20d94fb5e4ab2a4c3f08371c7d) Importer(815301076,1909f56bfc062723c751e8b465ee728b)
Start importing Assets/PNG/Purple/texture_05.png using Guid(0a8aaa20d94fb5e4ab2a4c3f08371c7d) Importer(815301076,1909f56bfc062723c751e8b465ee728b)  -> (artifact id: '028e9b7fdda1a5ecf9fe51a3848039c4') in 0.006752 seconds 
  Import took 0.008642 seconds .

========================================================================
Received Import Request.
  Time since last request: 0.000148 seconds.
  path: Assets/PNG/Red/texture_05.png
  artifactKey: Guid(4e35fc5eec5e6ad448b1cfb91bd86064) Importer(815301076,1909f56bfc062723c751e8b465ee728b)
Start importing Assets/PNG/Red/texture_05.png using Guid(4e35fc5eec5e6ad448b1cfb91bd86064) Importer(815301076,1909f56bfc062723c751e8b465ee728b)  -> (artifact id: '8eb1a330d2495dfdfc0a1b459c76f712') in 0.003899 seconds 
  Import took 0.005594 seconds .

========================================================================
Received Import Request.
  Time since last request: 0.003834 seconds.
  path: Assets/PNG/Purple/texture_05.png
  artifactKey: Guid(0a8aaa20d94fb5e4ab2a4c3f08371c7d) Importer(815301076,1909f56bfc062723c751e8b465ee728b)
Start importing Assets/PNG/Purple/texture_05.png using Guid(0a8aaa20d94fb5e4ab2a4c3f08371c7d) Importer(815301076,1909f56bfc062723c751e8b465ee728b)  -> (artifact id: '028e9b7fdda1a5ecf9fe51a3848039c4') in 0.003735 seconds 
  Import took 0.005658 seconds .

========================================================================
Received Import Request.
  Time since last request: 0.235421 seconds.
  path: Assets/PNG/Green/texture_05.png
  artifactKey: Guid(a07e5f6742c6c074b88fdcecc68fce46) Importer(815301076,1909f56bfc062723c751e8b465ee728b)
Start importing Assets/PNG/Green/texture_05.png using Guid(a07e5f6742c6c074b88fdcecc68fce46) Importer(815301076,1909f56bfc062723c751e8b465ee728b)  -> (artifact id: 'a5d934ace2c0f04e8065659d839f6994') in 0.006552 seconds 
  Import took 0.008721 seconds .

========================================================================
Received Import Request.
  Time since last request: 0.000146 seconds.
  path: Assets/PNG/Dark/texture_05.png
  artifactKey: Guid(c31acd1f33ec9454589fbec545d1037f) Importer(815301076,1909f56bfc062723c751e8b465ee728b)
Start importing Assets/PNG/Dark/texture_05.png using Guid(c31acd1f33ec9454589fbec545d1037f) Importer(815301076,1909f56bfc062723c751e8b465ee728b)  -> (artifact id: '80f2e0a1a6e99c83ae3a0dc65d35221e') in 0.006008 seconds 
  Import took 0.007742 seconds .

========================================================================
Received Import Request.
  Time since last request: 0.009033 seconds.
  path: Assets/PNG/Dark/texture_06.png
  artifactKey: Guid(8427b92d83469ba4f91cd49c717d1574) Importer(815301076,1909f56bfc062723c751e8b465ee728b)
Start importing Assets/PNG/Dark/texture_06.png using Guid(8427b92d83469ba4f91cd49c717d1574) Importer(815301076,1909f56bfc062723c751e8b465ee728b)  -> (artifact id: '1450d72ecb23fc605d6f9e6f21acceeb') in 0.006749 seconds 
  Import took 0.008767 seconds .

========================================================================
Received Import Request.
  Time since last request: 0.000124 seconds.
  path: Assets/PNG/Light/texture_06.png
  artifactKey: Guid(f247717e12538ee43b26a8fae12b5577) Importer(815301076,1909f56bfc062723c751e8b465ee728b)
Start importing Assets/PNG/Light/texture_06.png using Guid(f247717e12538ee43b26a8fae12b5577) Importer(815301076,1909f56bfc062723c751e8b465ee728b)  -> (artifact id: '62b4adb9a57b1e4d06fc0345b4debfac') in 0.007482 seconds 
  Import took 0.009241 seconds .

========================================================================
Received Import Request.
  Time since last request: 0.001469 seconds.
  path: Assets/PNG/Light/texture_06.png
  artifactKey: Guid(f247717e12538ee43b26a8fae12b5577) Importer(815301076,1909f56bfc062723c751e8b465ee728b)
Start importing Assets/PNG/Light/texture_06.png using Guid(f247717e12538ee43b26a8fae12b5577) Importer(815301076,1909f56bfc062723c751e8b465ee728b)  -> (artifact id: '62b4adb9a57b1e4d06fc0345b4debfac') in 0.003701 seconds 
  Import took 0.005366 seconds .

========================================================================
Received Import Request.
  Time since last request: 0.011942 seconds.
  path: Assets/PNG/Purple/texture_06.png
  artifactKey: Guid(86c719e58259da74e9c561ae471b895f) Importer(815301076,1909f56bfc062723c751e8b465ee728b)
Start importing Assets/PNG/Purple/texture_06.png using Guid(86c719e58259da74e9c561ae471b895f) Importer(815301076,1909f56bfc062723c751e8b465ee728b)  -> (artifact id: '1120b439d94f2dcf5b82945fa8fa839e') in 0.006402 seconds 
  Import took 0.008620 seconds .

========================================================================
Received Import Request.
  Time since last request: 0.000140 seconds.
  path: Assets/PNG/Red/texture_06.png
  artifactKey: Guid(84b3c6af9dbbb5640b2ab3df300a33d8) Importer(815301076,1909f56bfc062723c751e8b465ee728b)
Start importing Assets/PNG/Red/texture_06.png using Guid(84b3c6af9dbbb5640b2ab3df300a33d8) Importer(815301076,1909f56bfc062723c751e8b465ee728b)  -> (artifact id: 'd85c8f2efb623684d13ac786fdb735f0') in 0.007703 seconds 
  Import took 0.009468 seconds .

========================================================================
Received Import Request.
  Time since last request: 0.000112 seconds.
  path: Assets/PNG/Green/texture_06.png
  artifactKey: Guid(b39993e5347d2cb43b4b6c65720bec78) Importer(815301076,1909f56bfc062723c751e8b465ee728b)
Start importing Assets/PNG/Green/texture_06.png using Guid(b39993e5347d2cb43b4b6c65720bec78) Importer(815301076,1909f56bfc062723c751e8b465ee728b)  -> (artifact id: '8f18ca76b1c00ff746b9e1975a75352d') in 0.005961 seconds 
  Import took 0.007698 seconds .

========================================================================
Received Import Request.
  Time since last request: 0.000145 seconds.
  path: Assets/PNG/Orange/texture_06.png
  artifactKey: Guid(b1246515ff7ab844db20d6565b01a4b1) Importer(815301076,1909f56bfc062723c751e8b465ee728b)
Start importing Assets/PNG/Orange/texture_06.png using Guid(b1246515ff7ab844db20d6565b01a4b1) Importer(815301076,1909f56bfc062723c751e8b465ee728b)  -> (artifact id: 'abec432055e87427cbbf97d74ed132ea') in 0.006204 seconds 
  Import took 0.007942 seconds .

========================================================================
Received Import Request.
  Time since last request: 6.480402 seconds.
  path: Assets/PNG/Orange/texture_07.png
  artifactKey: Guid(e47c0e93ca7a1ef4fa98ab91b1d11b50) Importer(815301076,1909f56bfc062723c751e8b465ee728b)
Start importing Assets/PNG/Orange/texture_07.png using Guid(e47c0e93ca7a1ef4fa98ab91b1d11b50) Importer(815301076,1909f56bfc062723c751e8b465ee728b)  -> (artifact id: '59e6e9e4f4cb74de78e7b3bf92c2680e') in 0.006777 seconds 
  Import took 0.009775 seconds .

========================================================================
Received Import Request.
  Time since last request: 0.000140 seconds.
  path: Assets/PNG/Purple/texture_07.png
  artifactKey: Guid(2e1cb838e9810ee4981ca333c87b8ff2) Importer(815301076,1909f56bfc062723c751e8b465ee728b)
Start importing Assets/PNG/Purple/texture_07.png using Guid(2e1cb838e9810ee4981ca333c87b8ff2) Importer(815301076,1909f56bfc062723c751e8b465ee728b)  -> (artifact id: '8d19480dcef440f044efc0f571a6da2f') in 0.006002 seconds 
  Import took 0.007947 seconds .

========================================================================
Received Import Request.
  Time since last request: 0.014351 seconds.
  path: Assets/PNG/Red/texture_07.png
  artifactKey: Guid(83ab768b4681d8340a566a70555271ff) Importer(815301076,1909f56bfc062723c751e8b465ee728b)
Start importing Assets/PNG/Red/texture_07.png using Guid(83ab768b4681d8340a566a70555271ff) Importer(815301076,1909f56bfc062723c751e8b465ee728b)  -> (artifact id: '44eb359db0234cfdbde3dbe678020993') in 0.005960 seconds 
  Import took 0.008205 seconds .

========================================================================
Received Import Request.
  Time since last request: 0.000133 seconds.
  path: Assets/PNG/Green/texture_07.png
  artifactKey: Guid(d55abc542c584214c9f59a187435fcfd) Importer(815301076,1909f56bfc062723c751e8b465ee728b)
Start importing Assets/PNG/Green/texture_07.png using Guid(d55abc542c584214c9f59a187435fcfd) Importer(815301076,1909f56bfc062723c751e8b465ee728b)  -> (artifact id: 'fa2e561707100f1f8e546b99a2a3ab39') in 0.006261 seconds 
  Import took 0.008403 seconds .

========================================================================
Received Import Request.
  Time since last request: 0.001574 seconds.
  path: Assets/PNG/Green/texture_07.png
  artifactKey: Guid(d55abc542c584214c9f59a187435fcfd) Importer(815301076,1909f56bfc062723c751e8b465ee728b)
Start importing Assets/PNG/Green/texture_07.png using Guid(d55abc542c584214c9f59a187435fcfd) Importer(815301076,1909f56bfc062723c751e8b465ee728b)  -> (artifact id: 'fa2e561707100f1f8e546b99a2a3ab39') in 0.003625 seconds 
  Import took 0.005322 seconds .

========================================================================
Received Import Request.
  Time since last request: 0.028312 seconds.
  path: Assets/PNG/Dark/texture_07.png
  artifactKey: Guid(a1328473525a0d34ca277e6a84a7a60c) Importer(815301076,1909f56bfc062723c751e8b465ee728b)
Start importing Assets/PNG/Dark/texture_07.png using Guid(a1328473525a0d34ca277e6a84a7a60c) Importer(815301076,1909f56bfc062723c751e8b465ee728b)  -> (artifact id: '156f1a2e2ce4b469a1e7c8bd5f7a30aa') in 0.006210 seconds 
  Import took 0.008176 seconds .

========================================================================
Received Import Request.
  Time since last request: 0.000116 seconds.
  path: Assets/PNG/Light/texture_07.png
  artifactKey: Guid(7c74c87110948b3439c5d93b9c7a26aa) Importer(815301076,1909f56bfc062723c751e8b465ee728b)
Start importing Assets/PNG/Light/texture_07.png using Guid(7c74c87110948b3439c5d93b9c7a26aa) Importer(815301076,1909f56bfc062723c751e8b465ee728b)  -> (artifact id: 'a96960383247c5af5127b3920c5ad398') in 0.006234 seconds 
  Import took 0.007935 seconds .

========================================================================
Received Import Request.
  Time since last request: 0.521363 seconds.
  path: Assets/PNG/Purple/texture_08.png
  artifactKey: Guid(e3f39d548de6e5042a555c4a63edaf3a) Importer(815301076,1909f56bfc062723c751e8b465ee728b)
Start importing Assets/PNG/Purple/texture_08.png using Guid(e3f39d548de6e5042a555c4a63edaf3a) Importer(815301076,1909f56bfc062723c751e8b465ee728b)  -> (artifact id: 'e2110d7f049beef65468b229aba2c12a') in 0.014486 seconds 
  Import took 0.017868 seconds .

========================================================================
Received Import Request.
  Time since last request: 0.000140 seconds.
  path: Assets/PNG/Red/texture_08.png
  artifactKey: Guid(2201d4c80d6a6014fb507339080b827f) Importer(815301076,1909f56bfc062723c751e8b465ee728b)
Start importing Assets/PNG/Red/texture_08.png using Guid(2201d4c80d6a6014fb507339080b827f) Importer(815301076,1909f56bfc062723c751e8b465ee728b)  -> (artifact id: '7b1d3bafa5d39200e57c0c61f6a404f6') in 0.006664 seconds 
  Import took 0.008379 seconds .

========================================================================
Received Import Request.
  Time since last request: 0.048898 seconds.
  path: Assets/PNG/Orange/texture_08.png
  artifactKey: Guid(5be47d1729581524a9e4011a163a07c3) Importer(815301076,1909f56bfc062723c751e8b465ee728b)
Start importing Assets/PNG/Orange/texture_08.png using Guid(5be47d1729581524a9e4011a163a07c3) Importer(815301076,1909f56bfc062723c751e8b465ee728b)  -> (artifact id: '7a3bc881f1d0963c51c1b4c07bda6f66') in 0.006293 seconds 
  Import took 0.008250 seconds .

========================================================================
Received Import Request.
  Time since last request: 0.000130 seconds.
  path: Assets/PNG/Green/texture_08.png
  artifactKey: Guid(1f062a7f675b75440a350531f86b3bae) Importer(815301076,1909f56bfc062723c751e8b465ee728b)
Start importing Assets/PNG/Green/texture_08.png using Guid(1f062a7f675b75440a350531f86b3bae) Importer(815301076,1909f56bfc062723c751e8b465ee728b)  -> (artifact id: '933b5fa1e60016725d34cd199c685e3c') in 0.006134 seconds 
  Import took 0.007811 seconds .

========================================================================
Received Import Request.
  Time since last request: 2.637630 seconds.
  path: Assets/PNG/Dark/texture_08.png
  artifactKey: Guid(a03559f288f13e244b10221a65cf069f) Importer(815301076,1909f56bfc062723c751e8b465ee728b)
Start importing Assets/PNG/Dark/texture_08.png using Guid(a03559f288f13e244b10221a65cf069f) Importer(815301076,1909f56bfc062723c751e8b465ee728b)  -> (artifact id: 'a808ae59f2e8446d1431f436e51bae73') in 0.008241 seconds 
  Import took 0.011584 seconds .

========================================================================
Received Import Request.
  Time since last request: 0.000211 seconds.
  path: Assets/PNG/Light/texture_08.png
  artifactKey: Guid(7a2b53aa93ab47046b053da15e08d6ba) Importer(815301076,1909f56bfc062723c751e8b465ee728b)
Start importing Assets/PNG/Light/texture_08.png using Guid(7a2b53aa93ab47046b053da15e08d6ba) Importer(815301076,1909f56bfc062723c751e8b465ee728b)  -> (artifact id: 'f00b60f9f8bba355b21a08a6e840dd0a') in 0.006908 seconds 
  Import took 0.010027 seconds .

========================================================================
Received Import Request.
  Time since last request: 1.720056 seconds.
  path: Assets/PNG/Green/texture_09.png
  artifactKey: Guid(4c4997c2440b9c742b99ce34de7e1913) Importer(815301076,1909f56bfc062723c751e8b465ee728b)
Start importing Assets/PNG/Green/texture_09.png using Guid(4c4997c2440b9c742b99ce34de7e1913) Importer(815301076,1909f56bfc062723c751e8b465ee728b)  -> (artifact id: '465a94d79564d0b2983348ce1d8e0080') in 0.007550 seconds 
  Import took 0.009730 seconds .

========================================================================
Received Import Request.
  Time since last request: 0.000156 seconds.
  path: Assets/PNG/Red/texture_09.png
  artifactKey: Guid(27bff73da729fb64f8f6231ab2ed08a9) Importer(815301076,1909f56bfc062723c751e8b465ee728b)
Start importing Assets/PNG/Red/texture_09.png using Guid(27bff73da729fb64f8f6231ab2ed08a9) Importer(815301076,1909f56bfc062723c751e8b465ee728b)  -> (artifact id: '865de5becf8dc69aebacdd3ae336d713') in 0.005909 seconds 
  Import took 0.007853 seconds .

========================================================================
Received Import Request.
  Time since last request: 0.033542 seconds.
  path: Assets/PNG/Purple/texture_09.png
  artifactKey: Guid(d9f6763eccafa474b990b1dcc08d0257) Importer(815301076,1909f56bfc062723c751e8b465ee728b)
Start importing Assets/PNG/Purple/texture_09.png using Guid(d9f6763eccafa474b990b1dcc08d0257) Importer(815301076,1909f56bfc062723c751e8b465ee728b)  -> (artifact id: '0f540220a65a7812fe2248fd0dfe884f') in 0.006479 seconds 
  Import took 0.008613 seconds .

========================================================================
Received Import Request.
  Time since last request: 0.000145 seconds.
  path: Assets/PNG/Light/texture_09.png
  artifactKey: Guid(a363928a52f29a54aabe4a8a88de760b) Importer(815301076,1909f56bfc062723c751e8b465ee728b)
Start importing Assets/PNG/Light/texture_09.png using Guid(a363928a52f29a54aabe4a8a88de760b) Importer(815301076,1909f56bfc062723c751e8b465ee728b)  -> (artifact id: '3292a53d8d1c704a22d8771b008a1e6b') in 0.006103 seconds 
  Import took 0.008071 seconds .

========================================================================
Received Import Request.
  Time since last request: 21.606907 seconds.
  path: Assets/PNG/Light
  artifactKey: Guid(3463f083f624e3d43aae8ea09b3bf4bd) Importer(815301076,1909f56bfc062723c751e8b465ee728b)
Start importing Assets/PNG/Light using Guid(3463f083f624e3d43aae8ea09b3bf4bd) Importer(815301076,1909f56bfc062723c751e8b465ee728b)  -> (artifact id: 'e117170cbbc469fccf3ee810fda7df06') in 0.004925 seconds 
  Import took 0.006889 seconds .

========================================================================
Received Import Request.
  Time since last request: 0.050103 seconds.
  path: Assets/PNG/Light/texture_10.png
  artifactKey: Guid(0ec5a350fd7d2264fa6517cca2c236b6) Importer(815301076,1909f56bfc062723c751e8b465ee728b)
Start importing Assets/PNG/Light/texture_10.png using Guid(0ec5a350fd7d2264fa6517cca2c236b6) Importer(815301076,1909f56bfc062723c751e8b465ee728b)  -> (artifact id: '47115ea0a70d159c45b3da423f8a6297') in 0.007393 seconds 
  Import took 0.009480 seconds .

========================================================================
Received Import Request.
  Time since last request: 0.000134 seconds.
  path: Assets/PNG/Light/texture_13.png
  artifactKey: Guid(ceb8173de83da8540886fa32b3e256ec) Importer(815301076,1909f56bfc062723c751e8b465ee728b)
Start importing Assets/PNG/Light/texture_13.png using Guid(ceb8173de83da8540886fa32b3e256ec) Importer(815301076,1909f56bfc062723c751e8b465ee728b)  -> (artifact id: '8f334993e2e939870789b743f517bce6') in 0.006879 seconds 
  Import took 0.008698 seconds .

========================================================================
Received Import Request.
  Time since last request: 0.000172 seconds.
  path: Assets/PNG/Light/texture_11.png
  artifactKey: Guid(dfa322deab2ec5041809f5ad0dc85e49) Importer(815301076,1909f56bfc062723c751e8b465ee728b)
Start importing Assets/PNG/Light/texture_11.png using Guid(dfa322deab2ec5041809f5ad0dc85e49) Importer(815301076,1909f56bfc062723c751e8b465ee728b)  -> (artifact id: 'af9c164e6474436851e1ae918d2d877c') in 0.006639 seconds 
  Import took 0.008581 seconds .

========================================================================
Received Import Request.
  Time since last request: 0.000140 seconds.
  path: Assets/PNG/Light/texture_12.png
  artifactKey: Guid(737702a298ab8c049a0260f956f2fa0a) Importer(815301076,1909f56bfc062723c751e8b465ee728b)
Start importing Assets/PNG/Light/texture_12.png using Guid(737702a298ab8c049a0260f956f2fa0a) Importer(815301076,1909f56bfc062723c751e8b465ee728b)  -> (artifact id: 'c049b1b20a25e1400c9de351716f0758') in 0.007194 seconds 
  Import took 0.008970 seconds .

========================================================================
Received Import Request.
  Time since last request: 31.372169 seconds.
  path: Assets/Rotate.cs
  artifactKey: Guid(6006c756da56fb54cbb3c968e7a69d77) Importer(815301076,1909f56bfc062723c751e8b465ee728b)
Start importing Assets/Rotate.cs using Guid(6006c756da56fb54cbb3c968e7a69d77) Importer(815301076,1909f56bfc062723c751e8b465ee728b)  -> (artifact id: '250affd24605b08062dcf19dbc6fa80f') in 0.061511 seconds 
  Import took 0.063567 seconds .

========================================================================
Received Prepare
Registering precompiled user dll's ...
Registered in 0.001760 seconds.
Begin MonoManager ReloadAssembly
Native extension for WindowsStandalone target not found
Native extension for WebGL target not found
Refreshing native plugins compatible for Editor in 0.30 ms, found 2 plugins.
Preloading 0 native plugins for Editor in 0.00 ms.
Mono: successfully reloaded assembly
- Completed reload, in  0.743 seconds
Domain Reload Profiling:
	ReloadAssembly (743ms)
		BeginReloadAssembly (90ms)
			ExecutionOrderSort (0ms)
			DisableScriptedObjects (3ms)
			BackupInstance (0ms)
			ReleaseScriptingObjects (0ms)
			CreateAndSetChildDomain (23ms)
		EndReloadAssembly (602ms)
			LoadAssemblies (61ms)
			RebuildTransferFunctionScriptingTraits (0ms)
			SetupTypeCache (207ms)
			ReleaseScriptCaches (1ms)
			RebuildScriptCaches (30ms)
			SetupLoadedEditorAssemblies (224ms)
				LogAssemblyErrors (0ms)
				InitializePlatformSupportModulesInManaged (5ms)
				SetLoadedEditorAssemblies (0ms)
				RefreshPlugins (0ms)
				BeforeProcessingInitializeOnLoad (74ms)
				ProcessInitializeOnLoadAttributes (137ms)
				ProcessInitializeOnLoadMethodAttributes (3ms)
				AfterProcessingInitializeOnLoad (5ms)
				EditorAssembliesLoaded (0ms)
			ExecutionOrderSort2 (0ms)
			AwakeInstancesAfterBackupRestoration (5ms)
Platform modules already initialized, skipping
Refreshing native plugins compatible for Editor in 0.30 ms, found 2 plugins.
Preloading 0 native plugins for Editor in 0.00 ms.
Unloading 1386 Unused Serialized files (Serialized files now loaded: 0)
System memory in use before: 68.1 MB.
System memory in use after: 68.2 MB.

Unloading 14 unused Assets to reduce memory usage. Loaded Objects now: 1868.
Total: 1.887800 ms (FindLiveObjects: 0.150400 ms CreateObjectMapping: 0.029200 ms MarkObjects: 1.654300 ms  DeleteObjects: 0.052600 ms)

AssetImportParameters requested are different than current active one (requested -> active):
  custom:framework-win-MediaFoundation: 216162199b28c13a410421893ffa2e32 -> 
  custom:video-decoder-ogg-theora: a1e56fd34408186e4bbccfd4996cb3dc -> 
  custom:container-muxer-webm: aa71ff27fc2769a1b78a27578f13a17b -> 
  custom:container-demuxer-webm: 4f35f7cbe854078d1ac9338744f61a02 -> 
  custom:container-demuxer-ogg: 62fdf1f143b41e24485cea50d1cbac27 -> 
  custom:video-encoder-webm-vp8: eb34c28f22e8b96e1ab97ce403110664 -> 
  custom:video-decoder-webm-vp8: 9c59270c3fd7afecdb556c50c9e8de78 -> 
  custom:audio-decoder-ogg-vorbis: bf7c407c2cedff20999df2af8eb42d56 -> 
  custom:audio-encoder-webm-vorbis: bf7c407c2cedff20999df2af8eb42d56 -> 
========================================================================
Received Import Request.
  Time since last request: 415.710447 seconds.
  path: Assets/Rotate.cs
  artifactKey: Guid(6006c756da56fb54cbb3c968e7a69d77) Importer(815301076,1909f56bfc062723c751e8b465ee728b)
Start importing Assets/Rotate.cs using Guid(6006c756da56fb54cbb3c968e7a69d77) Importer(815301076,1909f56bfc062723c751e8b465ee728b)  -> (artifact id: '816d71fa4ed6951887a9c5c735734596') in 0.006260 seconds 
  Import took 0.008622 seconds .

========================================================================
Received Prepare
Registering precompiled user dll's ...
Registered in 0.001878 seconds.
Begin MonoManager ReloadAssembly
Native extension for WindowsStandalone target not found
Native extension for WebGL target not found
Refreshing native plugins compatible for Editor in 0.29 ms, found 2 plugins.
Preloading 0 native plugins for Editor in 0.00 ms.
Mono: successfully reloaded assembly
- Completed reload, in  0.746 seconds
Domain Reload Profiling:
	ReloadAssembly (746ms)
		BeginReloadAssembly (83ms)
			ExecutionOrderSort (0ms)
			DisableScriptedObjects (3ms)
			BackupInstance (0ms)
			ReleaseScriptingObjects (0ms)
			CreateAndSetChildDomain (24ms)
		EndReloadAssembly (611ms)
			LoadAssemblies (64ms)
			RebuildTransferFunctionScriptingTraits (0ms)
			SetupTypeCache (215ms)
			ReleaseScriptCaches (1ms)
			RebuildScriptCaches (30ms)
			SetupLoadedEditorAssemblies (224ms)
				LogAssemblyErrors (0ms)
				InitializePlatformSupportModulesInManaged (5ms)
				SetLoadedEditorAssemblies (0ms)
				RefreshPlugins (0ms)
				BeforeProcessingInitializeOnLoad (71ms)
				ProcessInitializeOnLoadAttributes (139ms)
				ProcessInitializeOnLoadMethodAttributes (3ms)
				AfterProcessingInitializeOnLoad (5ms)
				EditorAssembliesLoaded (0ms)
			ExecutionOrderSort2 (0ms)
			AwakeInstancesAfterBackupRestoration (5ms)
Platform modules already initialized, skipping
Refreshing native plugins compatible for Editor in 0.29 ms, found 2 plugins.
Preloading 0 native plugins for Editor in 0.00 ms.
Unloading 1386 Unused Serialized files (Serialized files now loaded: 0)
System memory in use before: 68.2 MB.
System memory in use after: 68.2 MB.

Unloading 14 unused Assets to reduce memory usage. Loaded Objects now: 1871.
Total: 1.483800 ms (FindLiveObjects: 0.116700 ms CreateObjectMapping: 0.029400 ms MarkObjects: 1.297500 ms  DeleteObjects: 0.039200 ms)

AssetImportParameters requested are different than current active one (requested -> active):
  custom:framework-win-MediaFoundation: 216162199b28c13a410421893ffa2e32 -> 
  custom:video-decoder-ogg-theora: a1e56fd34408186e4bbccfd4996cb3dc -> 
  custom:container-muxer-webm: aa71ff27fc2769a1b78a27578f13a17b -> 
  custom:container-demuxer-webm: 4f35f7cbe854078d1ac9338744f61a02 -> 
  custom:container-demuxer-ogg: 62fdf1f143b41e24485cea50d1cbac27 -> 
  custom:video-encoder-webm-vp8: eb34c28f22e8b96e1ab97ce403110664 -> 
  custom:video-decoder-webm-vp8: 9c59270c3fd7afecdb556c50c9e8de78 -> 
  custom:audio-decoder-ogg-vorbis: bf7c407c2cedff20999df2af8eb42d56 -> 
  custom:audio-encoder-webm-vorbis: bf7c407c2cedff20999df2af8eb42d56 -> 
========================================================================
Received Import Request.
  Time since last request: 2.952233 seconds.
  path: Assets/Rotate.cs
  artifactKey: Guid(6006c756da56fb54cbb3c968e7a69d77) Importer(815301076,1909f56bfc062723c751e8b465ee728b)
Start importing Assets/Rotate.cs using Guid(6006c756da56fb54cbb3c968e7a69d77) Importer(815301076,1909f56bfc062723c751e8b465ee728b)  -> (artifact id: 'bb198264ad041d93cd5a95d1ee95b96d') in 0.002874 seconds 
  Import took 0.004623 seconds .

========================================================================
Received Prepare
Registering precompiled user dll's ...
Registered in 0.002655 seconds.
Begin MonoManager ReloadAssembly
Native extension for WindowsStandalone target not found
Native extension for WebGL target not found
Refreshing native plugins compatible for Editor in 0.29 ms, found 2 plugins.
Preloading 0 native plugins for Editor in 0.00 ms.
Mono: successfully reloaded assembly
- Completed reload, in  0.732 seconds
Domain Reload Profiling:
	ReloadAssembly (733ms)
		BeginReloadAssembly (83ms)
			ExecutionOrderSort (0ms)
			DisableScriptedObjects (4ms)
			BackupInstance (0ms)
			ReleaseScriptingObjects (0ms)
			CreateAndSetChildDomain (25ms)
		EndReloadAssembly (589ms)
			LoadAssemblies (64ms)
			RebuildTransferFunctionScriptingTraits (0ms)
			SetupTypeCache (203ms)
			ReleaseScriptCaches (1ms)
			RebuildScriptCaches (30ms)
			SetupLoadedEditorAssemblies (215ms)
				LogAssemblyErrors (0ms)
				InitializePlatformSupportModulesInManaged (5ms)
				SetLoadedEditorAssemblies (0ms)
				RefreshPlugins (0ms)
				BeforeProcessingInitializeOnLoad (69ms)
				ProcessInitializeOnLoadAttributes (133ms)
				ProcessInitializeOnLoadMethodAttributes (3ms)
				AfterProcessingInitializeOnLoad (5ms)
				EditorAssembliesLoaded (0ms)
			ExecutionOrderSort2 (0ms)
			AwakeInstancesAfterBackupRestoration (5ms)
Platform modules already initialized, skipping
Refreshing native plugins compatible for Editor in 0.28 ms, found 2 plugins.
Preloading 0 native plugins for Editor in 0.00 ms.
Unloading 1386 Unused Serialized files (Serialized files now loaded: 0)
System memory in use before: 68.2 MB.
System memory in use after: 68.3 MB.

Unloading 14 unused Assets to reduce memory usage. Loaded Objects now: 1874.
Total: 1.476300 ms (FindLiveObjects: 0.113800 ms CreateObjectMapping: 0.029100 ms MarkObjects: 1.294500 ms  DeleteObjects: 0.037900 ms)

AssetImportParameters requested are different than current active one (requested -> active):
  custom:framework-win-MediaFoundation: 216162199b28c13a410421893ffa2e32 -> 
  custom:video-decoder-ogg-theora: a1e56fd34408186e4bbccfd4996cb3dc -> 
  custom:container-muxer-webm: aa71ff27fc2769a1b78a27578f13a17b -> 
  custom:container-demuxer-webm: 4f35f7cbe854078d1ac9338744f61a02 -> 
  custom:container-demuxer-ogg: 62fdf1f143b41e24485cea50d1cbac27 -> 
  custom:video-encoder-webm-vp8: eb34c28f22e8b96e1ab97ce403110664 -> 
  custom:video-decoder-webm-vp8: 9c59270c3fd7afecdb556c50c9e8de78 -> 
  custom:audio-decoder-ogg-vorbis: bf7c407c2cedff20999df2af8eb42d56 -> 
  custom:audio-encoder-webm-vorbis: bf7c407c2cedff20999df2af8eb42d56 -> 
========================================================================
Received Import Request.
  Time since last request: 83.927663 seconds.
  path: Assets/Rotate.cs
  artifactKey: Guid(6006c756da56fb54cbb3c968e7a69d77) Importer(815301076,1909f56bfc062723c751e8b465ee728b)
Start importing Assets/Rotate.cs using Guid(6006c756da56fb54cbb3c968e7a69d77) Importer(815301076,1909f56bfc062723c751e8b465ee728b)  -> (artifact id: '3e1b9ac8d0bab27cd61eac93ad0467d0') in 0.003194 seconds 
  Import took 0.005334 seconds .

========================================================================
Received Prepare
Registering precompiled user dll's ...
Registered in 0.001828 seconds.
Begin MonoManager ReloadAssembly
Native extension for WindowsStandalone target not found
Native extension for WebGL target not found
Refreshing native plugins compatible for Editor in 0.28 ms, found 2 plugins.
Preloading 0 native plugins for Editor in 0.00 ms.
Mono: successfully reloaded assembly
- Completed reload, in  0.720 seconds
Domain Reload Profiling:
	ReloadAssembly (721ms)
		BeginReloadAssembly (81ms)
			ExecutionOrderSort (0ms)
			DisableScriptedObjects (3ms)
			BackupInstance (0ms)
			ReleaseScriptingObjects (0ms)
			CreateAndSetChildDomain (22ms)
		EndReloadAssembly (589ms)
			LoadAssemblies (62ms)
			RebuildTransferFunctionScriptingTraits (0ms)
			SetupTypeCache (203ms)
			ReleaseScriptCaches (1ms)
			RebuildScriptCaches (30ms)
			SetupLoadedEditorAssemblies (214ms)
				LogAssemblyErrors (0ms)
				InitializePlatformSupportModulesInManaged (5ms)
				SetLoadedEditorAssemblies (0ms)
				RefreshPlugins (0ms)
				BeforeProcessingInitializeOnLoad (69ms)
				ProcessInitializeOnLoadAttributes (132ms)
				ProcessInitializeOnLoadMethodAttributes (2ms)
				AfterProcessingInitializeOnLoad (5ms)
				EditorAssembliesLoaded (0ms)
			ExecutionOrderSort2 (0ms)
			AwakeInstancesAfterBackupRestoration (5ms)
Platform modules already initialized, skipping
Refreshing native plugins compatible for Editor in 0.30 ms, found 2 plugins.
Preloading 0 native plugins for Editor in 0.00 ms.
Unloading 1386 Unused Serialized files (Serialized files now loaded: 0)
System memory in use before: 68.2 MB.
System memory in use after: 68.3 MB.

Unloading 14 unused Assets to reduce memory usage. Loaded Objects now: 1877.
Total: 1.513600 ms (FindLiveObjects: 0.124700 ms CreateObjectMapping: 0.038300 ms MarkObjects: 1.310400 ms  DeleteObjects: 0.039400 ms)

AssetImportParameters requested are different than current active one (requested -> active):
  custom:framework-win-MediaFoundation: 216162199b28c13a410421893ffa2e32 -> 
  custom:video-decoder-ogg-theora: a1e56fd34408186e4bbccfd4996cb3dc -> 
  custom:container-muxer-webm: aa71ff27fc2769a1b78a27578f13a17b -> 
  custom:container-demuxer-webm: 4f35f7cbe854078d1ac9338744f61a02 -> 
  custom:container-demuxer-ogg: 62fdf1f143b41e24485cea50d1cbac27 -> 
  custom:video-encoder-webm-vp8: eb34c28f22e8b96e1ab97ce403110664 -> 
  custom:video-decoder-webm-vp8: 9c59270c3fd7afecdb556c50c9e8de78 -> 
  custom:audio-decoder-ogg-vorbis: bf7c407c2cedff20999df2af8eb42d56 -> 
  custom:audio-encoder-webm-vorbis: bf7c407c2cedff20999df2af8eb42d56 -> 
========================================================================
Received Import Request.
  Time since last request: 41.011431 seconds.
  path: Assets/Rotate.cs
  artifactKey: Guid(6006c756da56fb54cbb3c968e7a69d77) Importer(815301076,1909f56bfc062723c751e8b465ee728b)
Start importing Assets/Rotate.cs using Guid(6006c756da56fb54cbb3c968e7a69d77) Importer(815301076,1909f56bfc062723c751e8b465ee728b)  -> (artifact id: '680eb356e69dd2ad48fcb40a675b63b1') in 0.003150 seconds 
  Import took 0.006592 seconds .

========================================================================
Received Prepare
Registering precompiled user dll's ...
Registered in 0.001840 seconds.
Begin MonoManager ReloadAssembly
Native extension for WindowsStandalone target not found
Native extension for WebGL target not found
Refreshing native plugins compatible for Editor in 0.30 ms, found 2 plugins.
Preloading 0 native plugins for Editor in 0.00 ms.
Mono: successfully reloaded assembly
- Completed reload, in  0.720 seconds
Domain Reload Profiling:
	ReloadAssembly (720ms)
		BeginReloadAssembly (77ms)
			ExecutionOrderSort (0ms)
			DisableScriptedObjects (3ms)
			BackupInstance (0ms)
			ReleaseScriptingObjects (0ms)
			CreateAndSetChildDomain (22ms)
		EndReloadAssembly (592ms)
			LoadAssemblies (63ms)
			RebuildTransferFunctionScriptingTraits (0ms)
			SetupTypeCache (203ms)
			ReleaseScriptCaches (1ms)
			RebuildScriptCaches (31ms)
			SetupLoadedEditorAssemblies (218ms)
				LogAssemblyErrors (0ms)
				InitializePlatformSupportModulesInManaged (5ms)
				SetLoadedEditorAssemblies (0ms)
				RefreshPlugins (0ms)
				BeforeProcessingInitializeOnLoad (71ms)
				ProcessInitializeOnLoadAttributes (134ms)
				ProcessInitializeOnLoadMethodAttributes (2ms)
				AfterProcessingInitializeOnLoad (5ms)
				EditorAssembliesLoaded (0ms)
			ExecutionOrderSort2 (0ms)
			AwakeInstancesAfterBackupRestoration (5ms)
Platform modules already initialized, skipping
Refreshing native plugins compatible for Editor in 0.28 ms, found 2 plugins.
Preloading 0 native plugins for Editor in 0.00 ms.
Unloading 1386 Unused Serialized files (Serialized files now loaded: 0)
System memory in use before: 68.2 MB.
System memory in use after: 68.3 MB.

Unloading 14 unused Assets to reduce memory usage. Loaded Objects now: 1880.
Total: 1.540000 ms (FindLiveObjects: 0.138100 ms CreateObjectMapping: 0.033000 ms MarkObjects: 1.327900 ms  DeleteObjects: 0.040200 ms)

AssetImportParameters requested are different than current active one (requested -> active):
  custom:framework-win-MediaFoundation: 216162199b28c13a410421893ffa2e32 -> 
  custom:video-decoder-ogg-theora: a1e56fd34408186e4bbccfd4996cb3dc -> 
  custom:container-muxer-webm: aa71ff27fc2769a1b78a27578f13a17b -> 
  custom:container-demuxer-webm: 4f35f7cbe854078d1ac9338744f61a02 -> 
  custom:container-demuxer-ogg: 62fdf1f143b41e24485cea50d1cbac27 -> 
  custom:video-encoder-webm-vp8: eb34c28f22e8b96e1ab97ce403110664 -> 
  custom:video-decoder-webm-vp8: 9c59270c3fd7afecdb556c50c9e8de78 -> 
  custom:audio-decoder-ogg-vorbis: bf7c407c2cedff20999df2af8eb42d56 -> 
  custom:audio-encoder-webm-vorbis: bf7c407c2cedff20999df2af8eb42d56 -> 
========================================================================
Received Prepare
Registering precompiled user dll's ...
Registered in 0.001887 seconds.
Begin MonoManager ReloadAssembly
Native extension for WindowsStandalone target not found
Native extension for WebGL target not found
Refreshing native plugins compatible for Editor in 0.28 ms, found 2 plugins.
Preloading 0 native plugins for Editor in 0.00 ms.
Mono: successfully reloaded assembly
- Completed reload, in  0.725 seconds
Domain Reload Profiling:
	ReloadAssembly (725ms)
		BeginReloadAssembly (88ms)
			ExecutionOrderSort (0ms)
			DisableScriptedObjects (3ms)
			BackupInstance (0ms)
			ReleaseScriptingObjects (0ms)
			CreateAndSetChildDomain (22ms)
		EndReloadAssembly (587ms)
			LoadAssemblies (62ms)
			RebuildTransferFunctionScriptingTraits (0ms)
			SetupTypeCache (198ms)
			ReleaseScriptCaches (1ms)
			RebuildScriptCaches (30ms)
			SetupLoadedEditorAssemblies (220ms)
				LogAssemblyErrors (0ms)
				InitializePlatformSupportModulesInManaged (5ms)
				SetLoadedEditorAssemblies (0ms)
				RefreshPlugins (0ms)
				BeforeProcessingInitializeOnLoad (74ms)
				ProcessInitializeOnLoadAttributes (133ms)
				ProcessInitializeOnLoadMethodAttributes (3ms)
				AfterProcessingInitializeOnLoad (5ms)
				EditorAssembliesLoaded (0ms)
			ExecutionOrderSort2 (0ms)
			AwakeInstancesAfterBackupRestoration (5ms)
Platform modules already initialized, skipping
Refreshing native plugins compatible for Editor in 0.28 ms, found 2 plugins.
Preloading 0 native plugins for Editor in 0.00 ms.
Unloading 1386 Unused Serialized files (Serialized files now loaded: 0)
System memory in use before: 68.2 MB.
System memory in use after: 68.3 MB.

Unloading 14 unused Assets to reduce memory usage. Loaded Objects now: 1883.
Total: 1.530400 ms (FindLiveObjects: 0.125100 ms CreateObjectMapping: 0.040300 ms MarkObjects: 1.323700 ms  DeleteObjects: 0.040500 ms)

AssetImportParameters requested are different than current active one (requested -> active):
  custom:framework-win-MediaFoundation: 216162199b28c13a410421893ffa2e32 -> 
  custom:video-decoder-ogg-theora: a1e56fd34408186e4bbccfd4996cb3dc -> 
  custom:container-muxer-webm: aa71ff27fc2769a1b78a27578f13a17b -> 
  custom:container-demuxer-webm: 4f35f7cbe854078d1ac9338744f61a02 -> 
  custom:container-demuxer-ogg: 62fdf1f143b41e24485cea50d1cbac27 -> 
  custom:video-encoder-webm-vp8: eb34c28f22e8b96e1ab97ce403110664 -> 
  custom:video-decoder-webm-vp8: 9c59270c3fd7afecdb556c50c9e8de78 -> 
  custom:audio-decoder-ogg-vorbis: bf7c407c2cedff20999df2af8eb42d56 -> 
  custom:audio-encoder-webm-vorbis: bf7c407c2cedff20999df2af8eb42d56 -> 
AssetImportWorkerClient::OnTransportError - code=2 error=End of file
